Ignoring exception in on_message
Traceback (most recent call last):
  File "/home/ubuntu/.local/lib/python3.8/site-packages/discord/client.py", line 343, in _run_event
    await coro(*args, **kwargs)
  File "main.py", line 160, in on_message
    if money_dict[message.author.name] is None:
KeyError: 'doksuri'
Ignoring exception in on_message
Traceback (most recent call last):
  File "/home/ubuntu/.local/lib/python3.8/site-packages/discord/client.py", line 343, in _run_event
    await coro(*args, **kwargs)
  File "main.py", line 66, in on_message
    elif message.content.split(' ')[1].startswith('-'):
IndexError: list index out of range
Ignoring exception in on_message
Traceback (most recent call last):
  File "/home/ubuntu/.local/lib/python3.8/site-packages/discord/client.py", line 343, in _run_event
    await coro(*args, **kwargs)
  File "main.py", line 70, in on_message
    amount = int(amount[1])
ValueError: invalid literal for int() with base 10: ''
logged in as slotmachine#4108
{}
{'doksuri': 10000}
{'doksuri': 10000}
{'doksuri': 10000}
{'doksuri': 10000}
{'doksuri': 10000}
{'doksuri': 10000, 'Coker': 10000}
{'doksuri': 10000, 'Coker': 10000}
{'doksuri': 10000, 'Coker': 10000}
{'doksuri': 10000, 'Coker': 19000}
{'doksuri': 10000, 'Coker': 19000}
{'doksuri': 10000, 'Coker': 14000}
{'doksuri': 10000, 'Coker': 19000}
{'doksuri': 10000, 'Coker': 28000}
{'doksuri': 10000, 'Coker': 28000}
{'doksuri': 10000, 'Coker': 28000}
{'doksuri': 10000, 'Coker': 55000}
{'doksuri': 10000, 'Coker': 55000}
{'doksuri': 10000, 'Coker': 45000}
{'doksuri': 10000, 'Coker': 45000}
{'doksuri': 10000, 'Coker': 75000}
{'doksuri': 10000, 'Coker': 75000}
{'doksuri': 10000, 'Coker': 125000}
{'doksuri': 10000, 'Coker': 125000}
{'doksuri': 10000, 'Coker': 125000}
{'doksuri': 10000, 'Coker': 125000}
{'doksuri': 10000, 'Coker': 125000}
{'doksuri': 10000, 'Coker': 125000, '친슈': 10000}
{'doksuri': 10000, 'Coker': 125000, '친슈': 10000}
{'doksuri': 10000, 'Coker': 125000, '친슈': 10000}
{'doksuri': 10000, 'Coker': 125000, '친슈': 11000}
{'doksuri': 10000, 'Coker': 125000, '친슈': 12000}
{'doksuri': 10000, 'Coker': 125000, '친슈': 13000}
{'doksuri': 10000, 'Coker': 125000, '친슈': 12000}
{'doksuri': 10000, 'Coker': 125000, '친슈': 10000}
{'doksuri': 10000, 'Coker': 125000, '친슈': 10000}
{'doksuri': 10000, 'Coker': 125000, '친슈': 6000}
{'doksuri': 10000, 'Coker': 105000, '친슈': 26000}
{'doksuri': 10500, 'Coker': 104500, '친슈': 32000}
{'doksuri': 10550, 'Coker': 104450, '친슈': 32000}
{'doksuri': 0, 'Coker': 0, '친슈': 1200000000000000023171116165960292210384514014055552253952} {'doksuri': 0, 'Coker': 0, '친슈': 1} {'doksuri': 10550, 'Coker': 104450, '친슈': 1000000000000000000000000000000000000000000000000000032000}
{'doksuri': 10550, 'Coker': 104450, '친슈': 1000000000000000000000000000000000000000000000000000032000}
{'doksuri': 10550, 'Coker': 104450, '친슈': 32000}
{'doksuri': 0, 'Coker': 0, '친슈': 2400000000000000046342232331920584420769028028111104507904} {'doksuri': 0, 'Coker': 0, '친슈': 2} {'doksuri': 10550, 'Coker': 104450, '친슈': 1000000000000000000000000000000000000000000000000000032000}
{'doksuri': 10550, 'Coker': 104450, '친슈': 1000000000000000000000000000000000000000000000000000032000}
{'doksuri': 10550, 'Coker': 104450, '친슈': 2000000000000000000000000000000000000000000000000000032000}
{'doksuri': 10550, 'Coker': 104450, '친슈': 2000000000000000000000000000000000000000000000000000032000}
{'doksuri': 10550, 'Coker': 104450, '친슈': 1000000000000000000000000000000000000000000000000000032000}
{'doksuri': 10550, 'Coker': 104450, '친슈': 2000000000000000000000000000000000000000000000000000032000}
{'doksuri': 10550, 'Coker': 104450, '친슈': 3000000000000000000000000000000000000000000000000000032000}
{'doksuri': 10550, 'Coker': 104450, '친슈': 3000000000000000000000000000000000000000000000000000032000}
{'doksuri': 10550, 'Coker': 104450, '친슈': 6000000000000000000000000000000000000000000000000000032000}
{'doksuri': 10550, 'Coker': 104450, '친슈': 6000000000000000000000000000000000000000000000000000032000}
{'doksuri': 0, 'Coker': 0, '친슈': 46342232331920584420769028028111104507904} {'doksuri': 0, 'Coker': 0, '친슈': 2} {'doksuri': 10550, 'Coker': 84450, '친슈': 3600000000000000000000000000000000000000000000000000032000}
{'doksuri': 10550, 'Coker': 84450, '친슈': 3600000000000000000000000000000000000000000000000000032000}
{'doksuri': 10550, 'Coker': 84450, '친슈': 3600000000000000000000000000000000000000000000000000032000}
{'doksuri': 10550, 'Coker': 134450, '친슈': 3600000000000000000000000000000000000000000000000000032000}
{'doksuri': 10550, 'Coker': 134450, '친슈': 3600000000000000000000000000000000000000000000000000032000}
{'doksuri': 0, 'Coker': 0, '친슈': 0} {'doksuri': 0, 'Coker': 0, '친슈': 2} {'doksuri': 10550, 'Coker': 134450, '친슈': 3599999999999999953657767668079415579230971971888895524096}
{'doksuri': 10550, 'Coker': 134450, '친슈': 3599999999999999953657767668079415579230971971888895524096}
{'doksuri': 10550, 'Coker': 1000000000000000000000000000000000000000000000000000134450, '친슈': 2599999999999999953657767668079415579230971971888895524096}
{'doksuri': 100000000000000000000000000000000000000000000000000010550, 'Coker': 1000000000000000000000000000000000000000000000000000134450, '친슈': 2499999999999999953657767668079415579230971971888895524096}
{'doksuri': 100000000000000000000000000000000000000000000000000010550, 'Coker': 1000000000000000000000000000000000000000000000000000134450, '친슈': 2499999999999999953657767668079415579230971971888895524096}
{'doksuri': 100000000000000000000000000000000000000000000000000010550, 'Coker': 1000000000000000000000000000000000000000000000000000134450, '친슈': 2499999999999999953657767668079415579230971971888895524096}
{'doksuri': 100000000000000000000000000000000000000000000000000010550, 'Coker': 1000000000000000000000000000000000000000000000000000134450, '친슈': 2499999999999999953657767668079415579230971971878895524096}
_ClientEventTask exception was never retrieved
future: <ClientEventTask state=finished event=on_message coro=<function on_message at 0x7f6af667af70> exception=SystemExit(1)>
Traceback (most recent call last):
  File "/home/ubuntu/.local/lib/python3.8/site-packages/discord/client.py", line 713, in run
    loop.run_forever()
  File "/usr/lib/python3.8/asyncio/base_events.py", line 570, in run_forever
    self._run_once()
  File "/usr/lib/python3.8/asyncio/base_events.py", line 1859, in _run_once
    handle._run()
  File "/usr/lib/python3.8/asyncio/events.py", line 81, in _run
    self._context.run(self._callback, *self._args)
  File "/home/ubuntu/.local/lib/python3.8/site-packages/discord/client.py", line 343, in _run_event
    await coro(*args, **kwargs)
  File "main.py", line 36, in on_message
    exit(1)
  File "/usr/lib/python3.8/_sitebuiltins.py", line 26, in __call__
    raise SystemExit(code)
SystemExit: 1
